2021-12-23 07:55:01.259  INFO 1848 --- [main] o.b.g.GoodsBiddingApplication            : Starting GoodsBiddingApplication using Java 15.0.1 on Dos-MacBook-Pro.local with PID 1848 (/Users/doankhuong/Documents/Projects/goods-bidding-app-be/build/classes/java/main started by doankhuong in /Users/doankhuong/Documents/Projects/goods-bidding-app-be)
2021-12-23 07:55:01.267  INFO 1848 --- [main] o.b.g.GoodsBiddingApplication            : No active profile set, falling back to default profiles: default
2021-12-23 07:55:02.071  INFO 1848 --- [main] .s.d.r.c.RepositoryConfigurationDelegate : Bootstrapping Spring Data JPA repositories in DEFAULT mode.
2021-12-23 07:55:02.134  INFO 1848 --- [main] .s.d.r.c.RepositoryConfigurationDelegate : Finished Spring Data repository scanning in 52 ms. Found 1 JPA repository interfaces.
2021-12-23 07:55:03.115  INFO 1848 --- [main] o.s.b.w.embedded.tomcat.TomcatWebServer  : Tomcat initialized with port(s): 8080 (http)
2021-12-23 07:55:03.125  INFO 1848 --- [main] o.apache.catalina.core.StandardService   : Starting service [Tomcat]
2021-12-23 07:55:03.125  INFO 1848 --- [main] org.apache.catalina.core.StandardEngine  : Starting Servlet engine: [Apache Tomcat/9.0.55]
2021-12-23 07:55:03.207  INFO 1848 --- [main] o.a.c.c.C.[Tomcat].[localhost].[/]       : Initializing Spring embedded WebApplicationContext
2021-12-23 07:55:03.207  INFO 1848 --- [main] w.s.c.ServletWebServerApplicationContext : Root WebApplicationContext: initialization completed in 1861 ms
2021-12-23 07:55:03.497  INFO 1848 --- [main] o.hibernate.jpa.internal.util.LogHelper  : HHH000204: Processing PersistenceUnitInfo [name: default]
2021-12-23 07:55:03.579  INFO 1848 --- [main] org.hibernate.Version                    : HHH000412: Hibernate ORM core version 5.6.1.Final
2021-12-23 07:55:03.886  INFO 1848 --- [main] o.hibernate.annotations.common.Version   : HCANN000001: Hibernate Commons Annotations {5.1.2.Final}
2021-12-23 07:55:03.989  INFO 1848 --- [main] com.zaxxer.hikari.HikariDataSource       : HikariPool-1 - Starting...
2021-12-23 07:55:04.680  INFO 1848 --- [main] com.zaxxer.hikari.HikariDataSource       : HikariPool-1 - Start completed.
2021-12-23 07:55:04.726  INFO 1848 --- [main] org.hibernate.dialect.Dialect            : HHH000400: Using dialect: org.hibernate.dialect.PostgreSQL10Dialect
2021-12-23 07:55:05.409  INFO 1848 --- [main] o.h.e.t.j.p.i.JtaPlatformInitiator       : HHH000490: Using JtaPlatform implementation: [org.hibernate.engine.transaction.jta.platform.internal.NoJtaPlatform]
2021-12-23 07:55:05.421  INFO 1848 --- [main] j.LocalContainerEntityManagerFactoryBean : Initialized JPA EntityManagerFactory for persistence unit 'default'
2021-12-23 07:55:05.889  WARN 1848 --- [main] JpaBaseConfiguration$JpaWebConfiguration : spring.jpa.open-in-view is enabled by default. Therefore, database queries may be performed during view rendering. Explicitly configure spring.jpa.open-in-view to disable this warning
2021-12-23 07:55:06.591  INFO 1848 --- [main] o.s.b.a.e.web.EndpointLinksResolver      : Exposing 14 endpoint(s) beneath base path '/actuator'
2021-12-23 07:55:06.636  INFO 1848 --- [main] o.s.s.web.DefaultSecurityFilterChain     : Will secure any request with [org.springframework.security.web.context.request.async.WebAsyncManagerIntegrationFilter@247a8411, org.springframework.security.web.context.SecurityContextPersistenceFilter@187df588, org.springframework.security.web.header.HeaderWriterFilter@65bb4cb9, org.springframework.web.filter.CorsFilter@4c05f83b, org.springframework.security.web.authentication.logout.LogoutFilter@4d71ec5b, org.banhmisquad.goodsbidding.security.jwt.JwtAuthenticationFilter@1a947424, org.springframework.security.web.savedrequest.RequestCacheAwareFilter@3e5cbcfe, org.springframework.security.web.servletapi.SecurityContextHolderAwareRequestFilter@c49e434, org.springframework.security.web.authentication.AnonymousAuthenticationFilter@820b78a, org.springframework.security.web.session.SessionManagementFilter@4fcedf83, org.springframework.security.web.access.ExceptionTranslationFilter@51aaa9d4, org.springframework.security.web.access.intercept.FilterSecurityInterceptor@1812b564]
2021-12-23 07:55:06.915  INFO 1848 --- [main] o.s.b.w.embedded.tomcat.TomcatWebServer  : Tomcat started on port(s): 8080 (http) with context path ''
2021-12-23 07:55:06.930  INFO 1848 --- [main] o.b.g.GoodsBiddingApplication            : Started GoodsBiddingApplication in 11.2 seconds (JVM running for 11.552)
2021-12-23 07:55:15.891  INFO 1848 --- [http-nio-8080-exec-1] o.a.c.c.C.[Tomcat].[localhost].[/]       : Initializing Spring DispatcherServlet 'dispatcherServlet'
2021-12-23 07:55:15.891  INFO 1848 --- [http-nio-8080-exec-1] o.s.web.servlet.DispatcherServlet        : Initializing Servlet 'dispatcherServlet'
2021-12-23 07:55:15.893  INFO 1848 --- [http-nio-8080-exec-1] o.s.web.servlet.DispatcherServlet        : Completed initialization in 2 ms
2021-12-23 07:55:51.353  INFO 1848 --- [SpringApplicationShutdownHook] j.LocalContainerEntityManagerFactoryBean : Closing JPA EntityManagerFactory for persistence unit 'default'
2021-12-23 07:55:51.355  INFO 1848 --- [SpringApplicationShutdownHook] com.zaxxer.hikari.HikariDataSource       : HikariPool-1 - Shutdown initiated...
2021-12-23 07:55:51.357  INFO 1848 --- [SpringApplicationShutdownHook] com.zaxxer.hikari.HikariDataSource       : HikariPool-1 - Shutdown completed.
2021-12-23 07:56:00.989  INFO 1916 --- [main] o.b.g.GoodsBiddingApplication            : Starting GoodsBiddingApplication using Java 15.0.1 on Dos-MacBook-Pro.local with PID 1916 (/Users/doankhuong/Documents/Projects/goods-bidding-app-be/build/classes/java/main started by doankhuong in /Users/doankhuong/Documents/Projects/goods-bidding-app-be)
2021-12-23 07:56:00.991  INFO 1916 --- [main] o.b.g.GoodsBiddingApplication            : No active profile set, falling back to default profiles: default
2021-12-23 07:56:01.618  INFO 1916 --- [main] .s.d.r.c.RepositoryConfigurationDelegate : Bootstrapping Spring Data JPA repositories in DEFAULT mode.
2021-12-23 07:56:01.674  INFO 1916 --- [main] .s.d.r.c.RepositoryConfigurationDelegate : Finished Spring Data repository scanning in 47 ms. Found 1 JPA repository interfaces.
2021-12-23 07:56:02.550  INFO 1916 --- [main] o.s.b.w.embedded.tomcat.TomcatWebServer  : Tomcat initialized with port(s): 8080 (http)
2021-12-23 07:56:02.562  INFO 1916 --- [main] o.apache.catalina.core.StandardService   : Starting service [Tomcat]
2021-12-23 07:56:02.562  INFO 1916 --- [main] org.apache.catalina.core.StandardEngine  : Starting Servlet engine: [Apache Tomcat/9.0.55]
2021-12-23 07:56:02.644  INFO 1916 --- [main] o.a.c.c.C.[Tomcat].[localhost].[/]       : Initializing Spring embedded WebApplicationContext
2021-12-23 07:56:02.644  INFO 1916 --- [main] w.s.c.ServletWebServerApplicationContext : Root WebApplicationContext: initialization completed in 1602 ms
2021-12-23 07:56:02.879  INFO 1916 --- [main] o.hibernate.jpa.internal.util.LogHelper  : HHH000204: Processing PersistenceUnitInfo [name: default]
2021-12-23 07:56:02.935  INFO 1916 --- [main] org.hibernate.Version                    : HHH000412: Hibernate ORM core version 5.6.1.Final
2021-12-23 07:56:03.131  INFO 1916 --- [main] o.hibernate.annotations.common.Version   : HCANN000001: Hibernate Commons Annotations {5.1.2.Final}
2021-12-23 07:56:03.223  INFO 1916 --- [main] com.zaxxer.hikari.HikariDataSource       : HikariPool-1 - Starting...
2021-12-23 07:56:03.321  INFO 1916 --- [main] com.zaxxer.hikari.HikariDataSource       : HikariPool-1 - Start completed.
2021-12-23 07:56:03.355  INFO 1916 --- [main] org.hibernate.dialect.Dialect            : HHH000400: Using dialect: org.hibernate.dialect.PostgreSQL10Dialect
2021-12-23 07:56:03.875  INFO 1916 --- [main] o.h.e.t.j.p.i.JtaPlatformInitiator       : HHH000490: Using JtaPlatform implementation: [org.hibernate.engine.transaction.jta.platform.internal.NoJtaPlatform]
2021-12-23 07:56:03.882  INFO 1916 --- [main] j.LocalContainerEntityManagerFactoryBean : Initialized JPA EntityManagerFactory for persistence unit 'default'
2021-12-23 07:56:04.352  WARN 1916 --- [main] JpaBaseConfiguration$JpaWebConfiguration : spring.jpa.open-in-view is enabled by default. Therefore, database queries may be performed during view rendering. Explicitly configure spring.jpa.open-in-view to disable this warning
2021-12-23 07:56:04.542  INFO 1916 --- [main] o.s.s.web.DefaultSecurityFilterChain     : Will secure any request with [org.springframework.security.web.context.request.async.WebAsyncManagerIntegrationFilter@486bcaa, org.springframework.security.web.context.SecurityContextPersistenceFilter@556843a5, org.springframework.security.web.header.HeaderWriterFilter@1c36ab22, org.springframework.security.web.csrf.CsrfFilter@45a9cf78, org.springframework.security.web.authentication.logout.LogoutFilter@45648e75, org.springframework.security.web.authentication.UsernamePasswordAuthenticationFilter@3c74d846, org.springframework.security.web.authentication.ui.DefaultLoginPageGeneratingFilter@7c857e8f, org.springframework.security.web.authentication.ui.DefaultLogoutPageGeneratingFilter@5e9671e6, org.springframework.security.web.authentication.www.BasicAuthenticationFilter@320efff5, org.springframework.security.web.savedrequest.RequestCacheAwareFilter@3db5195, org.springframework.security.web.servletapi.SecurityContextHolderAwareRequestFilter@33bd9ac3, org.springframework.security.web.authentication.AnonymousAuthenticationFilter@2f3a0f37, org.springframework.security.web.session.SessionManagementFilter@2ec23ec3, org.springframework.security.web.access.ExceptionTranslationFilter@17ea3bc0, org.springframework.security.web.access.intercept.FilterSecurityInterceptor@515d615]
2021-12-23 07:56:05.324  INFO 1916 --- [main] o.s.b.a.e.web.EndpointLinksResolver      : Exposing 14 endpoint(s) beneath base path '/actuator'
2021-12-23 07:56:05.374  INFO 1916 --- [main] o.s.b.w.embedded.tomcat.TomcatWebServer  : Tomcat started on port(s): 8080 (http) with context path ''
2021-12-23 07:56:05.388  INFO 1916 --- [main] o.b.g.GoodsBiddingApplication            : Started GoodsBiddingApplication in 9.775 seconds (JVM running for 10.111)
2021-12-23 07:56:05.791  INFO 1916 --- [http-nio-8080-exec-1] o.a.c.c.C.[Tomcat].[localhost].[/]       : Initializing Spring DispatcherServlet 'dispatcherServlet'
2021-12-23 07:56:05.791  INFO 1916 --- [http-nio-8080-exec-1] o.s.web.servlet.DispatcherServlet        : Initializing Servlet 'dispatcherServlet'
2021-12-23 07:56:05.793  INFO 1916 --- [http-nio-8080-exec-1] o.s.web.servlet.DispatcherServlet        : Completed initialization in 2 ms
2021-12-23 07:57:46.787  INFO 1916 --- [SpringApplicationShutdownHook] j.LocalContainerEntityManagerFactoryBean : Closing JPA EntityManagerFactory for persistence unit 'default'
2021-12-23 07:57:46.790  INFO 1916 --- [SpringApplicationShutdownHook] com.zaxxer.hikari.HikariDataSource       : HikariPool-1 - Shutdown initiated...
2021-12-23 07:57:46.792  INFO 1916 --- [SpringApplicationShutdownHook] com.zaxxer.hikari.HikariDataSource       : HikariPool-1 - Shutdown completed.
2021-12-23 08:00:21.135  INFO 2056 --- [main] o.b.g.GoodsBiddingApplication            : Starting GoodsBiddingApplication using Java 15.0.1 on Dos-MacBook-Pro.local with PID 2056 (/Users/doankhuong/Documents/Projects/goods-bidding-app-be/build/classes/java/main started by doankhuong in /Users/doankhuong/Documents/Projects/goods-bidding-app-be)
2021-12-23 08:00:21.137  INFO 2056 --- [main] o.b.g.GoodsBiddingApplication            : No active profile set, falling back to default profiles: default
2021-12-23 08:00:21.829  INFO 2056 --- [main] .s.d.r.c.RepositoryConfigurationDelegate : Bootstrapping Spring Data JPA repositories in DEFAULT mode.
2021-12-23 08:00:21.892  INFO 2056 --- [main] .s.d.r.c.RepositoryConfigurationDelegate : Finished Spring Data repository scanning in 52 ms. Found 1 JPA repository interfaces.
2021-12-23 08:00:22.827  INFO 2056 --- [main] o.s.b.w.embedded.tomcat.TomcatWebServer  : Tomcat initialized with port(s): 8080 (http)
2021-12-23 08:00:22.844  INFO 2056 --- [main] o.apache.catalina.core.StandardService   : Starting service [Tomcat]
2021-12-23 08:00:22.845  INFO 2056 --- [main] org.apache.catalina.core.StandardEngine  : Starting Servlet engine: [Apache Tomcat/9.0.55]
2021-12-23 08:00:22.942  INFO 2056 --- [main] o.a.c.c.C.[Tomcat].[localhost].[/]       : Initializing Spring embedded WebApplicationContext
2021-12-23 08:00:22.943  INFO 2056 --- [main] w.s.c.ServletWebServerApplicationContext : Root WebApplicationContext: initialization completed in 1749 ms
2021-12-23 08:00:23.224  INFO 2056 --- [main] o.hibernate.jpa.internal.util.LogHelper  : HHH000204: Processing PersistenceUnitInfo [name: default]
2021-12-23 08:00:23.312  INFO 2056 --- [main] org.hibernate.Version                    : HHH000412: Hibernate ORM core version 5.6.1.Final
2021-12-23 08:00:23.542  INFO 2056 --- [main] o.hibernate.annotations.common.Version   : HCANN000001: Hibernate Commons Annotations {5.1.2.Final}
2021-12-23 08:00:23.663  INFO 2056 --- [main] com.zaxxer.hikari.HikariDataSource       : HikariPool-1 - Starting...
2021-12-23 08:00:23.788  INFO 2056 --- [main] com.zaxxer.hikari.HikariDataSource       : HikariPool-1 - Start completed.
2021-12-23 08:00:23.823  INFO 2056 --- [main] org.hibernate.dialect.Dialect            : HHH000400: Using dialect: org.hibernate.dialect.PostgreSQL10Dialect
2021-12-23 08:00:24.426  INFO 2056 --- [main] o.h.e.t.j.p.i.JtaPlatformInitiator       : HHH000490: Using JtaPlatform implementation: [org.hibernate.engine.transaction.jta.platform.internal.NoJtaPlatform]
2021-12-23 08:00:24.434  INFO 2056 --- [main] j.LocalContainerEntityManagerFactoryBean : Initialized JPA EntityManagerFactory for persistence unit 'default'
2021-12-23 08:00:24.893  WARN 2056 --- [main] JpaBaseConfiguration$JpaWebConfiguration : spring.jpa.open-in-view is enabled by default. Therefore, database queries may be performed during view rendering. Explicitly configure spring.jpa.open-in-view to disable this warning
2021-12-23 08:00:25.116  INFO 2056 --- [main] o.s.s.web.DefaultSecurityFilterChain     : Will secure any request with [org.springframework.security.web.context.request.async.WebAsyncManagerIntegrationFilter@2a4bd699, org.springframework.security.web.context.SecurityContextPersistenceFilter@42028589, org.springframework.security.web.header.HeaderWriterFilter@2213854b, org.springframework.security.web.csrf.CsrfFilter@2d5d001f, org.springframework.security.web.authentication.logout.LogoutFilter@1d57b8f1, org.springframework.security.web.authentication.UsernamePasswordAuthenticationFilter@78b44fcb, org.springframework.security.web.authentication.ui.DefaultLoginPageGeneratingFilter@67e1a5fd, org.springframework.security.web.authentication.ui.DefaultLogoutPageGeneratingFilter@6003eb60, org.springframework.security.web.authentication.www.BasicAuthenticationFilter@22ee1ad7, org.springframework.security.web.savedrequest.RequestCacheAwareFilter@fc21ff4, org.springframework.security.web.servletapi.SecurityContextHolderAwareRequestFilter@d99df7a, org.springframework.security.web.authentication.AnonymousAuthenticationFilter@571e2f15, org.springframework.security.web.session.SessionManagementFilter@33bd9ac3, org.springframework.security.web.access.ExceptionTranslationFilter@b386a17, org.springframework.security.web.access.intercept.FilterSecurityInterceptor@4a9412c4]
2021-12-23 08:00:25.883  INFO 2056 --- [main] o.s.b.a.e.web.EndpointLinksResolver      : Exposing 14 endpoint(s) beneath base path '/actuator'
2021-12-23 08:00:25.933  INFO 2056 --- [main] o.s.b.w.embedded.tomcat.TomcatWebServer  : Tomcat started on port(s): 8080 (http) with context path ''
2021-12-23 08:00:25.948  INFO 2056 --- [main] o.b.g.GoodsBiddingApplication            : Started GoodsBiddingApplication in 10.248 seconds (JVM running for 10.603)
2021-12-23 08:00:28.196  INFO 2056 --- [http-nio-8080-exec-1] o.a.c.c.C.[Tomcat].[localhost].[/]       : Initializing Spring DispatcherServlet 'dispatcherServlet'
2021-12-23 08:00:28.196  INFO 2056 --- [http-nio-8080-exec-1] o.s.web.servlet.DispatcherServlet        : Initializing Servlet 'dispatcherServlet'
2021-12-23 08:00:28.198  INFO 2056 --- [http-nio-8080-exec-1] o.s.web.servlet.DispatcherServlet        : Completed initialization in 2 ms
2021-12-23 08:00:32.887 ERROR 2056 --- [http-nio-8080-exec-5] w.a.UsernamePasswordAuthenticationFilter : An internal error occurred while trying to authenticate the user.

org.springframework.security.authentication.InternalAuthenticationServiceException: No enum constant org.banhmisquad.goodsbidding.model.UserRole.admin; nested exception is java.lang.IllegalArgumentException: No enum constant org.banhmisquad.goodsbidding.model.UserRole.admin
	at org.springframework.security.authentication.dao.DaoAuthenticationProvider.retrieveUser(DaoAuthenticationProvider.java:108) ~[spring-security-core-5.6.0.jar:5.6.0]
	at org.springframework.security.authentication.dao.AbstractUserDetailsAuthenticationProvider.authenticate(AbstractUserDetailsAuthenticationProvider.java:133) ~[spring-security-core-5.6.0.jar:5.6.0]
	at org.springframework.security.authentication.ProviderManager.authenticate(ProviderManager.java:182) ~[spring-security-core-5.6.0.jar:5.6.0]
	at org.springframework.security.authentication.ProviderManager.authenticate(ProviderManager.java:201) ~[spring-security-core-5.6.0.jar:5.6.0]
	at org.springframework.security.web.authentication.UsernamePasswordAuthenticationFilter.attemptAuthentication(UsernamePasswordAuthenticationFilter.java:85) ~[spring-security-web-5.6.0.jar:5.6.0]
	at org.springframework.security.web.authentication.AbstractAuthenticationProcessingFilter.doFilter(AbstractAuthenticationProcessingFilter.java:223) ~[spring-security-web-5.6.0.jar:5.6.0]
	at org.springframework.security.web.authentication.AbstractAuthenticationProcessingFilter.doFilter(AbstractAuthenticationProcessingFilter.java:213) ~[spring-security-web-5.6.0.jar:5.6.0]
	at org.springframework.security.web.FilterChainProxy$VirtualFilterChain.doFilter(FilterChainProxy.java:336) ~[spring-security-web-5.6.0.jar:5.6.0]
	at org.springframework.security.web.authentication.logout.LogoutFilter.doFilter(LogoutFilter.java:103) ~[spring-security-web-5.6.0.jar:5.6.0]
	at org.springframework.security.web.authentication.logout.LogoutFilter.doFilter(LogoutFilter.java:89) ~[spring-security-web-5.6.0.jar:5.6.0]
	at org.springframework.security.web.FilterChainProxy$VirtualFilterChain.doFilter(FilterChainProxy.java:336) ~[spring-security-web-5.6.0.jar:5.6.0]
	at org.springframework.security.web.csrf.CsrfFilter.doFilterInternal(CsrfFilter.java:132) ~[spring-security-web-5.6.0.jar:5.6.0]
	at org.springframework.web.filter.OncePerRequestFilter.doFilter(OncePerRequestFilter.java:119) ~[spring-web-5.3.13.jar:5.3.13]
	at org.springframework.security.web.FilterChainProxy$VirtualFilterChain.doFilter(FilterChainProxy.java:336) ~[spring-security-web-5.6.0.jar:5.6.0]
	at org.springframework.security.web.header.HeaderWriterFilter.doHeadersAfter(HeaderWriterFilter.java:90) ~[spring-security-web-5.6.0.jar:5.6.0]
	at org.springframework.security.web.header.HeaderWriterFilter.doFilterInternal(HeaderWriterFilter.java:75) ~[spring-security-web-5.6.0.jar:5.6.0]
	at org.springframework.web.filter.OncePerRequestFilter.doFilter(OncePerRequestFilter.java:119) ~[spring-web-5.3.13.jar:5.3.13]
	at org.springframework.security.web.FilterChainProxy$VirtualFilterChain.doFilter(FilterChainProxy.java:336) ~[spring-security-web-5.6.0.jar:5.6.0]
	at org.springframework.security.web.context.SecurityContextPersistenceFilter.doFilter(SecurityContextPersistenceFilter.java:110) ~[spring-security-web-5.6.0.jar:5.6.0]
	at org.springframework.security.web.context.SecurityContextPersistenceFilter.doFilter(SecurityContextPersistenceFilter.java:80) ~[spring-security-web-5.6.0.jar:5.6.0]
	at org.springframework.security.web.FilterChainProxy$VirtualFilterChain.doFilter(FilterChainProxy.java:336) ~[spring-security-web-5.6.0.jar:5.6.0]
	at org.springframework.security.web.context.request.async.WebAsyncManagerIntegrationFilter.doFilterInternal(WebAsyncManagerIntegrationFilter.java:55) ~[spring-security-web-5.6.0.jar:5.6.0]
	at org.springframework.web.filter.OncePerRequestFilter.doFilter(OncePerRequestFilter.java:119) ~[spring-web-5.3.13.jar:5.3.13]
	at org.springframework.security.web.FilterChainProxy$VirtualFilterChain.doFilter(FilterChainProxy.java:336) ~[spring-security-web-5.6.0.jar:5.6.0]
	at org.springframework.security.web.FilterChainProxy.doFilterInternal(FilterChainProxy.java:211) ~[spring-security-web-5.6.0.jar:5.6.0]
	at org.springframework.security.web.FilterChainProxy.doFilter(FilterChainProxy.java:183) ~[spring-security-web-5.6.0.jar:5.6.0]
	at org.springframework.web.filter.DelegatingFilterProxy.invokeDelegate(DelegatingFilterProxy.java:358) ~[spring-web-5.3.13.jar:5.3.13]
	at org.springframework.web.filter.DelegatingFilterProxy.doFilter(DelegatingFilterProxy.java:271) ~[spring-web-5.3.13.jar:5.3.13]
	at org.apache.catalina.core.ApplicationFilterChain.internalDoFilter(ApplicationFilterChain.java:189) ~[tomcat-embed-core-9.0.55.jar:9.0.55]
	at org.apache.catalina.core.ApplicationFilterChain.doFilter(ApplicationFilterChain.java:162) ~[tomcat-embed-core-9.0.55.jar:9.0.55]
	at org.springframework.web.filter.RequestContextFilter.doFilterInternal(RequestContextFilter.java:100) ~[spring-web-5.3.13.jar:5.3.13]
	at org.springframework.web.filter.OncePerRequestFilter.doFilter(OncePerRequestFilter.java:119) ~[spring-web-5.3.13.jar:5.3.13]
	at org.apache.catalina.core.ApplicationFilterChain.internalDoFilter(ApplicationFilterChain.java:189) ~[tomcat-embed-core-9.0.55.jar:9.0.55]
	at org.apache.catalina.core.ApplicationFilterChain.doFilter(ApplicationFilterChain.java:162) ~[tomcat-embed-core-9.0.55.jar:9.0.55]
	at org.springframework.web.filter.FormContentFilter.doFilterInternal(FormContentFilter.java:93) ~[spring-web-5.3.13.jar:5.3.13]
	at org.springframework.web.filter.OncePerRequestFilter.doFilter(OncePerRequestFilter.java:119) ~[spring-web-5.3.13.jar:5.3.13]
	at org.apache.catalina.core.ApplicationFilterChain.internalDoFilter(ApplicationFilterChain.java:189) ~[tomcat-embed-core-9.0.55.jar:9.0.55]
	at org.apache.catalina.core.ApplicationFilterChain.doFilter(ApplicationFilterChain.java:162) ~[tomcat-embed-core-9.0.55.jar:9.0.55]
	at org.springframework.boot.actuate.metrics.web.servlet.WebMvcMetricsFilter.doFilterInternal(WebMvcMetricsFilter.java:96) ~[spring-boot-actuator-2.6.1.jar:2.6.1]
	at org.springframework.web.filter.OncePerRequestFilter.doFilter(OncePerRequestFilter.java:119) ~[spring-web-5.3.13.jar:5.3.13]
	at org.apache.catalina.core.ApplicationFilterChain.internalDoFilter(ApplicationFilterChain.java:189) ~[tomcat-embed-core-9.0.55.jar:9.0.55]
	at org.apache.catalina.core.ApplicationFilterChain.doFilter(ApplicationFilterChain.java:162) ~[tomcat-embed-core-9.0.55.jar:9.0.55]
	at org.springframework.web.filter.CharacterEncodingFilter.doFilterInternal(CharacterEncodingFilter.java:201) ~[spring-web-5.3.13.jar:5.3.13]
	at org.springframework.web.filter.OncePerRequestFilter.doFilter(OncePerRequestFilter.java:119) ~[spring-web-5.3.13.jar:5.3.13]
	at org.apache.catalina.core.ApplicationFilterChain.internalDoFilter(ApplicationFilterChain.java:189) ~[tomcat-embed-core-9.0.55.jar:9.0.55]
	at org.apache.catalina.core.ApplicationFilterChain.doFilter(ApplicationFilterChain.java:162) ~[tomcat-embed-core-9.0.55.jar:9.0.55]
	at org.apache.catalina.core.StandardWrapperValve.invoke(StandardWrapperValve.java:197) ~[tomcat-embed-core-9.0.55.jar:9.0.55]
	at org.apache.catalina.core.StandardContextValve.invoke(StandardContextValve.java:97) ~[tomcat-embed-core-9.0.55.jar:9.0.55]
	at org.apache.catalina.authenticator.AuthenticatorBase.invoke(AuthenticatorBase.java:540) ~[tomcat-embed-core-9.0.55.jar:9.0.55]
	at org.apache.catalina.core.StandardHostValve.invoke(StandardHostValve.java:135) ~[tomcat-embed-core-9.0.55.jar:9.0.55]
	at org.apache.catalina.valves.ErrorReportValve.invoke(ErrorReportValve.java:92) ~[tomcat-embed-core-9.0.55.jar:9.0.55]
	at org.apache.catalina.core.StandardEngineValve.invoke(StandardEngineValve.java:78) ~[tomcat-embed-core-9.0.55.jar:9.0.55]
	at org.apache.catalina.connector.CoyoteAdapter.service(CoyoteAdapter.java:357) ~[tomcat-embed-core-9.0.55.jar:9.0.55]
	at org.apache.coyote.http11.Http11Processor.service(Http11Processor.java:382) ~[tomcat-embed-core-9.0.55.jar:9.0.55]
	at org.apache.coyote.AbstractProcessorLight.process(AbstractProcessorLight.java:65) ~[tomcat-embed-core-9.0.55.jar:9.0.55]
	at org.apache.coyote.AbstractProtocol$ConnectionHandler.process(AbstractProtocol.java:895) ~[tomcat-embed-core-9.0.55.jar:9.0.55]
	at org.apache.tomcat.util.net.NioEndpoint$SocketProcessor.doRun(NioEndpoint.java:1722) ~[tomcat-embed-core-9.0.55.jar:9.0.55]
	at org.apache.tomcat.util.net.SocketProcessorBase.run(SocketProcessorBase.java:49) ~[tomcat-embed-core-9.0.55.jar:9.0.55]
	at org.apache.tomcat.util.threads.ThreadPoolExecutor.runWorker(ThreadPoolExecutor.java:1191) ~[tomcat-embed-core-9.0.55.jar:9.0.55]
	at org.apache.tomcat.util.threads.ThreadPoolExecutor$Worker.run(ThreadPoolExecutor.java:659) ~[tomcat-embed-core-9.0.55.jar:9.0.55]
	at org.apache.tomcat.util.threads.TaskThread$WrappingRunnable.run(TaskThread.java:61) ~[tomcat-embed-core-9.0.55.jar:9.0.55]
	at java.base/java.lang.Thread.run(Thread.java:832) ~[na:na]
Caused by: org.springframework.dao.InvalidDataAccessApiUsageException: No enum constant org.banhmisquad.goodsbidding.model.UserRole.admin; nested exception is java.lang.IllegalArgumentException: No enum constant org.banhmisquad.goodsbidding.model.UserRole.admin
	at org.springframework.orm.jpa.EntityManagerFactoryUtils.convertJpaAccessExceptionIfPossible(EntityManagerFactoryUtils.java:374) ~[spring-orm-5.3.13.jar:5.3.13]
	at org.springframework.orm.jpa.vendor.HibernateJpaDialect.translateExceptionIfPossible(HibernateJpaDialect.java:235) ~[spring-orm-5.3.13.jar:5.3.13]
	at org.springframework.orm.jpa.AbstractEntityManagerFactoryBean.translateExceptionIfPossible(AbstractEntityManagerFactoryBean.java:551) ~[spring-orm-5.3.13.jar:5.3.13]
	at org.springframework.dao.support.ChainedPersistenceExceptionTranslator.translateExceptionIfPossible(ChainedPersistenceExceptionTranslator.java:61) ~[spring-tx-5.3.13.jar:5.3.13]
	at org.springframework.dao.support.DataAccessUtils.translateIfNecessary(DataAccessUtils.java:242) ~[spring-tx-5.3.13.jar:5.3.13]
	at org.springframework.dao.support.PersistenceExceptionTranslationInterceptor.invoke(PersistenceExceptionTranslationInterceptor.java:152) ~[spring-tx-5.3.13.jar:5.3.13]
	at org.springframework.aop.framework.ReflectiveMethodInvocation.proceed(ReflectiveMethodInvocation.java:186) ~[spring-aop-5.3.13.jar:5.3.13]
	at org.springframework.data.jpa.repository.support.CrudMethodMetadataPostProcessor$CrudMethodMetadataPopulatingMethodInterceptor.invoke(CrudMethodMetadataPostProcessor.java:145) ~[spring-data-jpa-2.6.0.jar:2.6.0]
	at org.springframework.aop.framework.ReflectiveMethodInvocation.proceed(ReflectiveMethodInvocation.java:186) ~[spring-aop-5.3.13.jar:5.3.13]
	at org.springframework.aop.interceptor.ExposeInvocationInterceptor.invoke(ExposeInvocationInterceptor.java:97) ~[spring-aop-5.3.13.jar:5.3.13]
	at org.springframework.aop.framework.ReflectiveMethodInvocation.proceed(ReflectiveMethodInvocation.java:186) ~[spring-aop-5.3.13.jar:5.3.13]
	at org.springframework.aop.framework.JdkDynamicAopProxy.invoke(JdkDynamicAopProxy.java:215) ~[spring-aop-5.3.13.jar:5.3.13]
	at com.sun.proxy.$Proxy122.findByUsername(Unknown Source) ~[na:na]
	at org.banhmisquad.goodsbidding.security.service.UserServiceImpl.findByUsername(UserServiceImpl.java:36) ~[main/:na]
	at org.banhmisquad.goodsbidding.security.service.UserServiceImpl.findAuthenticatedUserByUsername(UserServiceImpl.java:61) ~[main/:na]
	at org.banhmisquad.goodsbidding.security.service.UserDetailsServiceImpl.loadUserByUsername(UserDetailsServiceImpl.java:30) ~[main/:na]
	at org.springframework.security.authentication.dao.DaoAuthenticationProvider.retrieveUser(DaoAuthenticationProvider.java:93) ~[spring-security-core-5.6.0.jar:5.6.0]
	... 61 common frames omitted
Caused by: java.lang.IllegalArgumentException: No enum constant org.banhmisquad.goodsbidding.model.UserRole.admin
	at java.base/java.lang.Enum.valueOf(Enum.java:273) ~[na:na]
	at org.hibernate.type.descriptor.java.EnumJavaTypeDescriptor.fromName(EnumJavaTypeDescriptor.java:84) ~[hibernate-core-5.6.1.Final.jar:5.6.1.Final]
	at org.hibernate.type.descriptor.java.EnumJavaTypeDescriptor.wrap(EnumJavaTypeDescriptor.java:54) ~[hibernate-core-5.6.1.Final.jar:5.6.1.Final]
	at org.hibernate.type.descriptor.java.EnumJavaTypeDescriptor.wrap(EnumJavaTypeDescriptor.java:16) ~[hibernate-core-5.6.1.Final.jar:5.6.1.Final]
	at org.hibernate.type.descriptor.sql.VarcharTypeDescriptor$2.doExtract(VarcharTypeDescriptor.java:62) ~[hibernate-core-5.6.1.Final.jar:5.6.1.Final]
	at org.hibernate.type.descriptor.sql.BasicExtractor.extract(BasicExtractor.java:47) ~[hibernate-core-5.6.1.Final.jar:5.6.1.Final]
	at org.hibernate.metamodel.model.convert.internal.NamedEnumValueConverter.readValue(NamedEnumValueConverter.java:68) ~[hibernate-core-5.6.1.Final.jar:5.6.1.Final]
	at org.hibernate.type.EnumType.nullSafeGet(EnumType.java:250) ~[hibernate-core-5.6.1.Final.jar:5.6.1.Final]
	at org.hibernate.type.CustomType.nullSafeGet(CustomType.java:119) ~[hibernate-core-5.6.1.Final.jar:5.6.1.Final]
	at org.hibernate.type.AbstractType.hydrate(AbstractType.java:91) ~[hibernate-core-5.6.1.Final.jar:5.6.1.Final]
	at org.hibernate.persister.entity.AbstractEntityPersister.hydrate(AbstractEntityPersister.java:3214) ~[hibernate-core-5.6.1.Final.jar:5.6.1.Final]
	at org.hibernate.loader.Loader.loadFromResultSet(Loader.java:1887) ~[hibernate-core-5.6.1.Final.jar:5.6.1.Final]
	at org.hibernate.loader.Loader.hydrateEntityState(Loader.java:1811) ~[hibernate-core-5.6.1.Final.jar:5.6.1.Final]
	at org.hibernate.loader.Loader.instanceNotYetLoaded(Loader.java:1784) ~[hibernate-core-5.6.1.Final.jar:5.6.1.Final]
	at org.hibernate.loader.Loader.getRow(Loader.java:1624) ~[hibernate-core-5.6.1.Final.jar:5.6.1.Final]
	at org.hibernate.loader.Loader.getRowFromResultSet(Loader.java:748) ~[hibernate-core-5.6.1.Final.jar:5.6.1.Final]
	at org.hibernate.loader.Loader.getRowsFromResultSet(Loader.java:1047) ~[hibernate-core-5.6.1.Final.jar:5.6.1.Final]
	at org.hibernate.loader.Loader.processResultSet(Loader.java:998) ~[hibernate-core-5.6.1.Final.jar:5.6.1.Final]
	at org.hibernate.loader.Loader.doQuery(Loader.java:967) ~[hibernate-core-5.6.1.Final.jar:5.6.1.Final]
	at org.hibernate.loader.Loader.doQueryAndInitializeNonLazyCollections(Loader.java:357) ~[hibernate-core-5.6.1.Final.jar:5.6.1.Final]
	at org.hibernate.loader.Loader.doList(Loader.java:2868) ~[hibernate-core-5.6.1.Final.jar:5.6.1.Final]
	at org.hibernate.loader.Loader.doList(Loader.java:2850) ~[hibernate-core-5.6.1.Final.jar:5.6.1.Final]
	at org.hibernate.loader.Loader.listIgnoreQueryCache(Loader.java:2682) ~[hibernate-core-5.6.1.Final.jar:5.6.1.Final]
	at org.hibernate.loader.Loader.list(Loader.java:2677) ~[hibernate-core-5.6.1.Final.jar:5.6.1.Final]
	at org.hibernate.loader.hql.QueryLoader.list(QueryLoader.java:540) ~[hibernate-core-5.6.1.Final.jar:5.6.1.Final]
	at org.hibernate.hql.internal.ast.QueryTranslatorImpl.list(QueryTranslatorImpl.java:400) ~[hibernate-core-5.6.1.Final.jar:5.6.1.Final]
	at org.hibernate.engine.query.spi.HQLQueryPlan.performList(HQLQueryPlan.java:219) ~[hibernate-core-5.6.1.Final.jar:5.6.1.Final]
	at org.hibernate.internal.SessionImpl.list(SessionImpl.java:1468) ~[hibernate-core-5.6.1.Final.jar:5.6.1.Final]
	at org.hibernate.query.internal.AbstractProducedQuery.doList(AbstractProducedQuery.java:1649) ~[hibernate-core-5.6.1.Final.jar:5.6.1.Final]
	at org.hibernate.query.internal.AbstractProducedQuery.list(AbstractProducedQuery.java:1617) ~[hibernate-core-5.6.1.Final.jar:5.6.1.Final]
	at org.hibernate.query.internal.AbstractProducedQuery.getSingleResult(AbstractProducedQuery.java:1665) ~[hibernate-core-5.6.1.Final.jar:5.6.1.Final]
	at org.hibernate.query.criteria.internal.compile.CriteriaQueryTypeQueryAdapter.getSingleResult(CriteriaQueryTypeQueryAdapter.java:111) ~[hibernate-core-5.6.1.Final.jar:5.6.1.Final]
	at java.base/jdk.internal.reflect.NativeMethodAccessorImpl.invoke0(Native Method) ~[na:na]
	at java.base/jdk.internal.reflect.NativeMethodAccessorImpl.invoke(NativeMethodAccessorImpl.java:64) ~[na:na]
	at java.base/jdk.internal.reflect.DelegatingMethodAccessorImpl.invoke(DelegatingMethodAccessorImpl.java:43) ~[na:na]
	at java.base/java.lang.reflect.Method.invoke(Method.java:564) ~[na:na]
	at org.springframework.orm.jpa.SharedEntityManagerCreator$DeferredQueryInvocationHandler.invoke(SharedEntityManagerCreator.java:406) ~[spring-orm-5.3.13.jar:5.3.13]
	at com.sun.proxy.$Proxy152.getSingleResult(Unknown Source) ~[na:na]
	at org.springframework.data.jpa.repository.query.JpaQueryExecution$SingleEntityExecution.doExecute(JpaQueryExecution.java:198) ~[spring-data-jpa-2.6.0.jar:2.6.0]
	at org.springframework.data.jpa.repository.query.JpaQueryExecution.execute(JpaQueryExecution.java:90) ~[spring-data-jpa-2.6.0.jar:2.6.0]
	at org.springframework.data.jpa.repository.query.AbstractJpaQuery.doExecute(AbstractJpaQuery.java:155) ~[spring-data-jpa-2.6.0.jar:2.6.0]
	at org.springframework.data.jpa.repository.query.AbstractJpaQuery.execute(AbstractJpaQuery.java:143) ~[spring-data-jpa-2.6.0.jar:2.6.0]
	at org.springframework.data.repository.core.support.RepositoryMethodInvoker.doInvoke(RepositoryMethodInvoker.java:137) ~[spring-data-commons-2.6.0.jar:2.6.0]
	at org.springframework.data.repository.core.support.RepositoryMethodInvoker.invoke(RepositoryMethodInvoker.java:121) ~[spring-data-commons-2.6.0.jar:2.6.0]
	at org.springframework.data.repository.core.support.QueryExecutorMethodInterceptor.doInvoke(QueryExecutorMethodInterceptor.java:159) ~[spring-data-commons-2.6.0.jar:2.6.0]
	at org.springframework.data.repository.core.support.QueryExecutorMethodInterceptor.invoke(QueryExecutorMethodInterceptor.java:138) ~[spring-data-commons-2.6.0.jar:2.6.0]
	at org.springframework.aop.framework.ReflectiveMethodInvocation.proceed(ReflectiveMethodInvocation.java:186) ~[spring-aop-5.3.13.jar:5.3.13]
	at org.springframework.data.projection.DefaultMethodInvokingMethodInterceptor.invoke(DefaultMethodInvokingMethodInterceptor.java:80) ~[spring-data-commons-2.6.0.jar:2.6.0]
	at org.springframework.aop.framework.ReflectiveMethodInvocation.proceed(ReflectiveMethodInvocation.java:186) ~[spring-aop-5.3.13.jar:5.3.13]
	at org.springframework.transaction.interceptor.TransactionInterceptor$1.proceedWithInvocation(TransactionInterceptor.java:123) ~[spring-tx-5.3.13.jar:5.3.13]
	at org.springframework.transaction.interceptor.TransactionAspectSupport.invokeWithinTransaction(TransactionAspectSupport.java:388) ~[spring-tx-5.3.13.jar:5.3.13]
	at org.springframework.transaction.interceptor.TransactionInterceptor.invoke(TransactionInterceptor.java:119) ~[spring-tx-5.3.13.jar:5.3.13]
	at org.springframework.aop.framework.ReflectiveMethodInvocation.proceed(ReflectiveMethodInvocation.java:186) ~[spring-aop-5.3.13.jar:5.3.13]
	at org.springframework.dao.support.PersistenceExceptionTranslationInterceptor.invoke(PersistenceExceptionTranslationInterceptor.java:137) ~[spring-tx-5.3.13.jar:5.3.13]
	... 72 common frames omitted

2021-12-23 08:01:07.752  INFO 2056 --- [SpringApplicationShutdownHook] j.LocalContainerEntityManagerFactoryBean : Closing JPA EntityManagerFactory for persistence unit 'default'
2021-12-23 08:01:07.755  INFO 2056 --- [SpringApplicationShutdownHook] com.zaxxer.hikari.HikariDataSource       : HikariPool-1 - Shutdown initiated...
2021-12-23 08:01:07.758  INFO 2056 --- [SpringApplicationShutdownHook] com.zaxxer.hikari.HikariDataSource       : HikariPool-1 - Shutdown completed.
2021-12-23 08:01:26.100  INFO 2124 --- [main] o.b.g.GoodsBiddingApplication            : Starting GoodsBiddingApplication using Java 15.0.1 on Dos-MacBook-Pro.local with PID 2124 (/Users/doankhuong/Documents/Projects/goods-bidding-app-be/build/classes/java/main started by doankhuong in /Users/doankhuong/Documents/Projects/goods-bidding-app-be)
2021-12-23 08:01:26.102  INFO 2124 --- [main] o.b.g.GoodsBiddingApplication            : No active profile set, falling back to default profiles: default
2021-12-23 08:01:26.707  INFO 2124 --- [main] .s.d.r.c.RepositoryConfigurationDelegate : Bootstrapping Spring Data JPA repositories in DEFAULT mode.
2021-12-23 08:01:26.758  INFO 2124 --- [main] .s.d.r.c.RepositoryConfigurationDelegate : Finished Spring Data repository scanning in 43 ms. Found 1 JPA repository interfaces.
2021-12-23 08:01:27.587  INFO 2124 --- [main] o.s.b.w.embedded.tomcat.TomcatWebServer  : Tomcat initialized with port(s): 8080 (http)
2021-12-23 08:01:27.599  INFO 2124 --- [main] o.apache.catalina.core.StandardService   : Starting service [Tomcat]
2021-12-23 08:01:27.599  INFO 2124 --- [main] org.apache.catalina.core.StandardEngine  : Starting Servlet engine: [Apache Tomcat/9.0.55]
2021-12-23 08:01:27.697  INFO 2124 --- [main] o.a.c.c.C.[Tomcat].[localhost].[/]       : Initializing Spring embedded WebApplicationContext
2021-12-23 08:01:27.697  INFO 2124 --- [main] w.s.c.ServletWebServerApplicationContext : Root WebApplicationContext: initialization completed in 1543 ms
2021-12-23 08:01:27.946  INFO 2124 --- [main] o.hibernate.jpa.internal.util.LogHelper  : HHH000204: Processing PersistenceUnitInfo [name: default]
2021-12-23 08:01:27.997  INFO 2124 --- [main] org.hibernate.Version                    : HHH000412: Hibernate ORM core version 5.6.1.Final
2021-12-23 08:01:28.192  INFO 2124 --- [main] o.hibernate.annotations.common.Version   : HCANN000001: Hibernate Commons Annotations {5.1.2.Final}
2021-12-23 08:01:28.281  INFO 2124 --- [main] com.zaxxer.hikari.HikariDataSource       : HikariPool-1 - Starting...
2021-12-23 08:01:28.383  INFO 2124 --- [main] com.zaxxer.hikari.HikariDataSource       : HikariPool-1 - Start completed.
2021-12-23 08:01:28.415  INFO 2124 --- [main] org.hibernate.dialect.Dialect            : HHH000400: Using dialect: org.hibernate.dialect.PostgreSQL10Dialect
2021-12-23 08:01:28.896  INFO 2124 --- [main] o.h.e.t.j.p.i.JtaPlatformInitiator       : HHH000490: Using JtaPlatform implementation: [org.hibernate.engine.transaction.jta.platform.internal.NoJtaPlatform]
2021-12-23 08:01:28.903  INFO 2124 --- [main] j.LocalContainerEntityManagerFactoryBean : Initialized JPA EntityManagerFactory for persistence unit 'default'
2021-12-23 08:01:29.319  WARN 2124 --- [main] JpaBaseConfiguration$JpaWebConfiguration : spring.jpa.open-in-view is enabled by default. Therefore, database queries may be performed during view rendering. Explicitly configure spring.jpa.open-in-view to disable this warning
2021-12-23 08:01:29.979  INFO 2124 --- [main] o.s.b.a.e.web.EndpointLinksResolver      : Exposing 14 endpoint(s) beneath base path '/actuator'
2021-12-23 08:01:30.009  INFO 2124 --- [main] o.s.s.web.DefaultSecurityFilterChain     : Will secure any request with [org.springframework.security.web.context.request.async.WebAsyncManagerIntegrationFilter@270ab7bc, org.springframework.security.web.context.SecurityContextPersistenceFilter@2db6ba81, org.springframework.security.web.header.HeaderWriterFilter@24a7725d, org.springframework.web.filter.CorsFilter@3ffe74da, org.springframework.security.web.authentication.logout.LogoutFilter@646bf8a6, org.banhmisquad.goodsbidding.security.jwt.JwtAuthenticationFilter@3e0704e2, org.springframework.security.web.savedrequest.RequestCacheAwareFilter@16fb9fdd, org.springframework.security.web.servletapi.SecurityContextHolderAwareRequestFilter@6c25123e, org.springframework.security.web.authentication.AnonymousAuthenticationFilter@359a2c96, org.springframework.security.web.session.SessionManagementFilter@33e6bd36, org.springframework.security.web.access.ExceptionTranslationFilter@77e5c765, org.springframework.security.web.access.intercept.FilterSecurityInterceptor@43edd2ea]
2021-12-23 08:01:30.244  INFO 2124 --- [main] o.s.b.w.embedded.tomcat.TomcatWebServer  : Tomcat started on port(s): 8080 (http) with context path ''
2021-12-23 08:01:30.257  INFO 2124 --- [main] o.b.g.GoodsBiddingApplication            : Started GoodsBiddingApplication in 9.54 seconds (JVM running for 9.874)
2021-12-23 08:01:56.804  INFO 2124 --- [http-nio-8080-exec-2] o.a.c.c.C.[Tomcat].[localhost].[/]       : Initializing Spring DispatcherServlet 'dispatcherServlet'
2021-12-23 08:01:56.805  INFO 2124 --- [http-nio-8080-exec-2] o.s.web.servlet.DispatcherServlet        : Initializing Servlet 'dispatcherServlet'
2021-12-23 08:01:56.806  INFO 2124 --- [http-nio-8080-exec-2] o.s.web.servlet.DispatcherServlet        : Completed initialization in 1 ms
2021-12-23 08:01:57.320  INFO 2124 --- [http-nio-8080-exec-2] o.b.g.security.service.UserServiceImpl   : ken.do registered successfully!
2021-12-23 08:02:04.910  INFO 2124 --- [http-nio-8080-exec-10] o.springdoc.api.AbstractOpenApiResource  : Init duration for springdoc-openapi is: 177 ms
2021-12-23 08:04:47.779  INFO 2124 --- [SpringApplicationShutdownHook] j.LocalContainerEntityManagerFactoryBean : Closing JPA EntityManagerFactory for persistence unit 'default'
2021-12-23 08:04:47.786  INFO 2124 --- [SpringApplicationShutdownHook] com.zaxxer.hikari.HikariDataSource       : HikariPool-1 - Shutdown initiated...
2021-12-23 08:04:47.790  INFO 2124 --- [SpringApplicationShutdownHook] com.zaxxer.hikari.HikariDataSource       : HikariPool-1 - Shutdown completed.
2021-12-23 08:05:03.629  INFO 2258 --- [main] o.b.g.GoodsBiddingApplication            : Starting GoodsBiddingApplication using Java 15.0.1 on Dos-MacBook-Pro.local with PID 2258 (/Users/doankhuong/Documents/Projects/goods-bidding-app-be/build/classes/java/main started by doankhuong in /Users/doankhuong/Documents/Projects/goods-bidding-app-be)
2021-12-23 08:05:03.631  INFO 2258 --- [main] o.b.g.GoodsBiddingApplication            : No active profile set, falling back to default profiles: default
2021-12-23 08:05:04.283  INFO 2258 --- [main] .s.d.r.c.RepositoryConfigurationDelegate : Bootstrapping Spring Data JPA repositories in DEFAULT mode.
2021-12-23 08:05:04.332  INFO 2258 --- [main] .s.d.r.c.RepositoryConfigurationDelegate : Finished Spring Data repository scanning in 41 ms. Found 1 JPA repository interfaces.
2021-12-23 08:05:05.222  INFO 2258 --- [main] o.s.b.w.embedded.tomcat.TomcatWebServer  : Tomcat initialized with port(s): 8080 (http)
2021-12-23 08:05:05.235  INFO 2258 --- [main] o.apache.catalina.core.StandardService   : Starting service [Tomcat]
2021-12-23 08:05:05.235  INFO 2258 --- [main] org.apache.catalina.core.StandardEngine  : Starting Servlet engine: [Apache Tomcat/9.0.55]
2021-12-23 08:05:05.318  INFO 2258 --- [main] o.a.c.c.C.[Tomcat].[localhost].[/]       : Initializing Spring embedded WebApplicationContext
2021-12-23 08:05:05.319  INFO 2258 --- [main] w.s.c.ServletWebServerApplicationContext : Root WebApplicationContext: initialization completed in 1639 ms
2021-12-23 08:05:05.562  INFO 2258 --- [main] o.hibernate.jpa.internal.util.LogHelper  : HHH000204: Processing PersistenceUnitInfo [name: default]
2021-12-23 08:05:05.639  INFO 2258 --- [main] org.hibernate.Version                    : HHH000412: Hibernate ORM core version 5.6.1.Final
2021-12-23 08:05:05.811  INFO 2258 --- [main] o.hibernate.annotations.common.Version   : HCANN000001: Hibernate Commons Annotations {5.1.2.Final}
2021-12-23 08:05:05.901  INFO 2258 --- [main] com.zaxxer.hikari.HikariDataSource       : HikariPool-1 - Starting...
2021-12-23 08:05:06.036  INFO 2258 --- [main] com.zaxxer.hikari.HikariDataSource       : HikariPool-1 - Start completed.
2021-12-23 08:05:06.070  INFO 2258 --- [main] org.hibernate.dialect.Dialect            : HHH000400: Using dialect: org.hibernate.dialect.PostgreSQL10Dialect
2021-12-23 08:05:06.638  INFO 2258 --- [main] o.h.e.t.j.p.i.JtaPlatformInitiator       : HHH000490: Using JtaPlatform implementation: [org.hibernate.engine.transaction.jta.platform.internal.NoJtaPlatform]
2021-12-23 08:05:06.645  INFO 2258 --- [main] j.LocalContainerEntityManagerFactoryBean : Initialized JPA EntityManagerFactory for persistence unit 'default'
2021-12-23 08:05:07.121  WARN 2258 --- [main] JpaBaseConfiguration$JpaWebConfiguration : spring.jpa.open-in-view is enabled by default. Therefore, database queries may be performed during view rendering. Explicitly configure spring.jpa.open-in-view to disable this warning
2021-12-23 08:05:07.790  INFO 2258 --- [main] o.s.b.a.e.web.EndpointLinksResolver      : Exposing 14 endpoint(s) beneath base path '/actuator'
2021-12-23 08:05:07.824  INFO 2258 --- [main] o.s.s.web.DefaultSecurityFilterChain     : Will secure any request with [org.springframework.security.web.context.request.async.WebAsyncManagerIntegrationFilter@7683ea43, org.springframework.security.web.context.SecurityContextPersistenceFilter@7615666e, org.springframework.security.web.header.HeaderWriterFilter@3713bedc, org.springframework.web.filter.CorsFilter@15a41088, org.springframework.security.web.authentication.logout.LogoutFilter@30d5fc1b, org.banhmisquad.goodsbidding.security.jwt.JwtAuthenticationFilter@3e0704e2, org.springframework.security.web.savedrequest.RequestCacheAwareFilter@32b1e906, org.springframework.security.web.servletapi.SecurityContextHolderAwareRequestFilter@16fb9fdd, org.springframework.security.web.authentication.AnonymousAuthenticationFilter@18356951, org.springframework.security.web.session.SessionManagementFilter@1055d261, org.springframework.security.web.access.ExceptionTranslationFilter@3465edf9, org.springframework.security.web.access.intercept.FilterSecurityInterceptor@28dd8786]
2021-12-23 08:05:08.075  INFO 2258 --- [main] o.s.b.w.embedded.tomcat.TomcatWebServer  : Tomcat started on port(s): 8080 (http) with context path ''
2021-12-23 08:05:08.090  INFO 2258 --- [main] o.b.g.GoodsBiddingApplication            : Started GoodsBiddingApplication in 9.859 seconds (JVM running for 10.17)
2021-12-23 08:05:10.671  INFO 2258 --- [http-nio-8080-exec-1] o.a.c.c.C.[Tomcat].[localhost].[/]       : Initializing Spring DispatcherServlet 'dispatcherServlet'
2021-12-23 08:05:10.672  INFO 2258 --- [http-nio-8080-exec-1] o.s.web.servlet.DispatcherServlet        : Initializing Servlet 'dispatcherServlet'
2021-12-23 08:05:10.673  INFO 2258 --- [http-nio-8080-exec-1] o.s.web.servlet.DispatcherServlet        : Completed initialization in 1 ms
2021-12-23 08:05:11.290  INFO 2258 --- [http-nio-8080-exec-7] o.springdoc.api.AbstractOpenApiResource  : Init duration for springdoc-openapi is: 171 ms
2021-12-23 08:10:55.341  INFO 2258 --- [SpringApplicationShutdownHook] j.LocalContainerEntityManagerFactoryBean : Closing JPA EntityManagerFactory for persistence unit 'default'
2021-12-23 08:10:55.345  INFO 2258 --- [SpringApplicationShutdownHook] com.zaxxer.hikari.HikariDataSource       : HikariPool-1 - Shutdown initiated...
2021-12-23 08:10:55.348  INFO 2258 --- [SpringApplicationShutdownHook] com.zaxxer.hikari.HikariDataSource       : HikariPool-1 - Shutdown completed.
2021-12-23 08:11:04.237  INFO 2354 --- [main] o.b.g.GoodsBiddingApplication            : Starting GoodsBiddingApplication using Java 15.0.1 on Dos-MacBook-Pro.local with PID 2354 (/Users/doankhuong/Documents/Projects/goods-bidding-app-be/build/classes/java/main started by doankhuong in /Users/doankhuong/Documents/Projects/goods-bidding-app-be)
2021-12-23 08:11:04.240  INFO 2354 --- [main] o.b.g.GoodsBiddingApplication            : No active profile set, falling back to default profiles: default
2021-12-23 08:11:04.848  INFO 2354 --- [main] .s.d.r.c.RepositoryConfigurationDelegate : Bootstrapping Spring Data JPA repositories in DEFAULT mode.
2021-12-23 08:11:04.901  INFO 2354 --- [main] .s.d.r.c.RepositoryConfigurationDelegate : Finished Spring Data repository scanning in 45 ms. Found 1 JPA repository interfaces.
2021-12-23 08:11:05.688  INFO 2354 --- [main] o.s.b.w.embedded.tomcat.TomcatWebServer  : Tomcat initialized with port(s): 8080 (http)
2021-12-23 08:11:05.698  INFO 2354 --- [main] o.apache.catalina.core.StandardService   : Starting service [Tomcat]
2021-12-23 08:11:05.698  INFO 2354 --- [main] org.apache.catalina.core.StandardEngine  : Starting Servlet engine: [Apache Tomcat/9.0.55]
2021-12-23 08:11:05.776  INFO 2354 --- [main] o.a.c.c.C.[Tomcat].[localhost].[/]       : Initializing Spring embedded WebApplicationContext
2021-12-23 08:11:05.776  INFO 2354 --- [main] w.s.c.ServletWebServerApplicationContext : Root WebApplicationContext: initialization completed in 1491 ms
2021-12-23 08:11:05.993  INFO 2354 --- [main] o.hibernate.jpa.internal.util.LogHelper  : HHH000204: Processing PersistenceUnitInfo [name: default]
2021-12-23 08:11:06.058  INFO 2354 --- [main] org.hibernate.Version                    : HHH000412: Hibernate ORM core version 5.6.1.Final
2021-12-23 08:11:06.231  INFO 2354 --- [main] o.hibernate.annotations.common.Version   : HCANN000001: Hibernate Commons Annotations {5.1.2.Final}
2021-12-23 08:11:06.311  INFO 2354 --- [main] com.zaxxer.hikari.HikariDataSource       : HikariPool-1 - Starting...
2021-12-23 08:11:06.411  INFO 2354 --- [main] com.zaxxer.hikari.HikariDataSource       : HikariPool-1 - Start completed.
2021-12-23 08:11:06.443  INFO 2354 --- [main] org.hibernate.dialect.Dialect            : HHH000400: Using dialect: org.hibernate.dialect.PostgreSQL10Dialect
2021-12-23 08:11:06.977  INFO 2354 --- [main] o.h.e.t.j.p.i.JtaPlatformInitiator       : HHH000490: Using JtaPlatform implementation: [org.hibernate.engine.transaction.jta.platform.internal.NoJtaPlatform]
2021-12-23 08:11:06.984  INFO 2354 --- [main] j.LocalContainerEntityManagerFactoryBean : Initialized JPA EntityManagerFactory for persistence unit 'default'
2021-12-23 08:11:07.422  WARN 2354 --- [main] JpaBaseConfiguration$JpaWebConfiguration : spring.jpa.open-in-view is enabled by default. Therefore, database queries may be performed during view rendering. Explicitly configure spring.jpa.open-in-view to disable this warning
2021-12-23 08:11:08.115  INFO 2354 --- [main] o.s.b.a.e.web.EndpointLinksResolver      : Exposing 14 endpoint(s) beneath base path '/actuator'
2021-12-23 08:11:08.144  INFO 2354 --- [main] o.s.s.web.DefaultSecurityFilterChain     : Will secure any request with [org.springframework.security.web.context.request.async.WebAsyncManagerIntegrationFilter@13cae908, org.springframework.security.web.context.SecurityContextPersistenceFilter@46ff1aad, org.springframework.security.web.header.HeaderWriterFilter@60d32006, org.springframework.web.filter.CorsFilter@43b74979, org.springframework.security.web.authentication.logout.LogoutFilter@32b1e906, org.banhmisquad.goodsbidding.security.jwt.JwtAuthenticationFilter@a93c798, org.springframework.security.web.savedrequest.RequestCacheAwareFilter@6ed87ccf, org.springframework.security.web.servletapi.SecurityContextHolderAwareRequestFilter@3095d06b, org.springframework.security.web.authentication.AnonymousAuthenticationFilter@659ac28c, org.springframework.security.web.session.SessionManagementFilter@25c4f621, org.springframework.security.web.access.ExceptionTranslationFilter@1f95158a, org.springframework.security.web.access.intercept.FilterSecurityInterceptor@464abed]
2021-12-23 08:11:08.396  INFO 2354 --- [main] o.s.b.w.embedded.tomcat.TomcatWebServer  : Tomcat started on port(s): 8080 (http) with context path ''
2021-12-23 08:11:08.410  INFO 2354 --- [main] o.b.g.GoodsBiddingApplication            : Started GoodsBiddingApplication in 9.583 seconds (JVM running for 9.916)
2021-12-23 08:11:16.363  INFO 2354 --- [http-nio-8080-exec-1] o.a.c.c.C.[Tomcat].[localhost].[/]       : Initializing Spring DispatcherServlet 'dispatcherServlet'
2021-12-23 08:11:16.364  INFO 2354 --- [http-nio-8080-exec-1] o.s.web.servlet.DispatcherServlet        : Initializing Servlet 'dispatcherServlet'
2021-12-23 08:11:16.365  INFO 2354 --- [http-nio-8080-exec-1] o.s.web.servlet.DispatcherServlet        : Completed initialization in 1 ms
2021-12-23 08:11:17.000  INFO 2354 --- [http-nio-8080-exec-7] o.springdoc.api.AbstractOpenApiResource  : Init duration for springdoc-openapi is: 209 ms
2021-12-23 08:17:08.296  INFO 2354 --- [SpringApplicationShutdownHook] j.LocalContainerEntityManagerFactoryBean : Closing JPA EntityManagerFactory for persistence unit 'default'
2021-12-23 08:17:08.305  INFO 2354 --- [SpringApplicationShutdownHook] com.zaxxer.hikari.HikariDataSource       : HikariPool-1 - Shutdown initiated...
2021-12-23 08:17:08.311  INFO 2354 --- [SpringApplicationShutdownHook] com.zaxxer.hikari.HikariDataSource       : HikariPool-1 - Shutdown completed.
